<?xml version="1.0" encoding="UTF-8"?>
<testsuite xmlns:xsi="http://www.w3.org/2001/XMLSchema-instance" xsi:noNamespaceSchemaLocation="https://maven.apache.org/surefire/maven-surefire-plugin/xsd/surefire-test-report-3.0.xsd" version="3.0" name="runner.Searchrunner" time="32.506" tests="1" errors="0" skipped="0" failures="0">
  <properties>
[...]
</properties>
  <testcase name="To Test eBay Search filter." classname="Ebay Search" time="31.849">
    <system-out><![CDATA[Test case passed - validation completed
]]></system-out>
  </testcase>
</testsuite>